[2026-02-21 10:31:15 -0800] [35408] [INFO] Starting gunicorn 25.0.1
[2026-02-21 10:31:15 -0800] [35408] [INFO] Listening at: http://0.0.0.0:18080,http://0.0.0.0:19090 (35408)
[2026-02-21 10:31:15 -0800] [35408] [INFO] Using worker: gthread
[2026-02-21 10:31:15 -0800] [35410] [INFO] Booting worker with pid: 35410
[2026-02-21 10:31:15 -0800] [35410] [ERROR] Exception in worker process
Traceback (most recent call last):
  File "/home/jeff/.venv/lib/python3.14/site-packages/gunicorn/arbiter.py", line 683, in spawn_worker
    worker.init_process()
    ~~~~~~~~~~~~~~~~~~~^^
  File "/home/jeff/.venv/lib/python3.14/site-packages/gunicorn/workers/gthread.py", line 196, in init_process
    super().init_process()
    ~~~~~~~~~~~~~~~~~~~~^^
  File "/home/jeff/.venv/lib/python3.14/site-packages/gunicorn/workers/base.py", line 136, in init_process
    self.load_wsgi()
    ~~~~~~~~~~~~~~^^
  File "/home/jeff/.venv/lib/python3.14/site-packages/gunicorn/workers/base.py", line 148, in load_wsgi
    self.wsgi = self.app.wsgi()
                ~~~~~~~~~~~~~^^
  File "/home/jeff/.venv/lib/python3.14/site-packages/gunicorn/app/base.py", line 66, in wsgi
    self.callable = self.load()
                    ~~~~~~~~~^^
  File "/home/jeff/.venv/lib/python3.14/site-packages/gunicorn/app/wsgiapp.py", line 57, in load
    return self.load_wsgiapp()
           ~~~~~~~~~~~~~~~~~^^
  File "/home/jeff/.venv/lib/python3.14/site-packages/gunicorn/app/wsgiapp.py", line 47, in load_wsgiapp
    return util.import_app(self.app_uri)
           ~~~~~~~~~~~~~~~^^^^^^^^^^^^^^
  File "/home/jeff/.venv/lib/python3.14/site-packages/gunicorn/util.py", line 377, in import_app
    mod = importlib.import_module(module)
  File "/home/jeff/.pyenv/versions/3.14.3/lib/python3.14/importlib/__init__.py", line 88, in import_module
    return _bootstrap._gcd_import(name[level:], package, level)
           ~~~~~~~~~~~~~~~~~~~~~~^^^^^^^^^^^^^^^^^^^^^^^^^^^^^^
  File "<frozen importlib._bootstrap>", line 1398, in _gcd_import
  File "<frozen importlib._bootstrap>", line 1371, in _find_and_load
  File "<frozen importlib._bootstrap>", line 1342, in _find_and_load_unlocked
  File "<frozen importlib._bootstrap>", line 938, in _load_unlocked
  File "<frozen importlib._bootstrap_external>", line 759, in exec_module
  File "<frozen importlib._bootstrap>", line 491, in _call_with_frames_removed
  File "/home/jeff/Documents/workspace/hcli/hcli_core/hcli_core/__init__.py", line 6, in <module>
    from hcli_core.auth.cli import credential
  File "/home/jeff/Documents/workspace/hcli/hcli_core/hcli_core/auth/cli/credential.py", line 10, in <module>
    from argon2 import PasswordHasher
ModuleNotFoundError: No module named 'argon2'
No module named 'argon2'
[2026-02-21 10:31:15 -0800] [35410] [INFO] Worker exiting (pid: 35410)
[2026-02-21 10:31:15 -0800] [35408] [ERROR] Worker (pid:35410) exited with code 3.
[2026-02-21 10:31:15 -0800] [35408] [ERROR] Shutting down: Master
[2026-02-21 10:31:15 -0800] [35408] [ERROR] Reason: Worker failed to boot.
